0 info it worked if it ends with ok
1 verbose cli [ 'C:\\Program Files\\nodejs\\node.exe',
1 verbose cli   'C:\\Program Files\\nodejs\\node_modules\\npm\\bin\\npm-cli.js',
1 verbose cli   'run',
1 verbose cli   'build:dev' ]
2 info using npm@3.10.10
3 info using node@v6.11.1
4 verbose run-script [ 'prebuild:dev', 'build:dev', 'postbuild:dev' ]
5 info lifecycle platzi-video@1.0.0~prebuild:dev: platzi-video@1.0.0
6 silly lifecycle platzi-video@1.0.0~prebuild:dev: no script for prebuild:dev, continuing
7 info lifecycle platzi-video@1.0.0~build:dev: platzi-video@1.0.0
8 verbose lifecycle platzi-video@1.0.0~build:dev: unsafe-perm in lifecycle true
9 verbose lifecycle platzi-video@1.0.0~build:dev: PATH: C:\Users\exjapam\AppData\Roaming\nvm\v6.11.1\node_modules\npm\bin\node-gyp-bin;C:\Users\exguill\Documents\MisDesarrollos\react-curso\node_modules\.bin;C:\WINDOWS\system32;C:\WINDOWS;C:\WINDOWS\System32\Wbem;C:\WINDOWS\System32\WindowsPowerShell\v1.0\;C:\Program Files\TortoiseSVN\bin;C:\gradle-4.0\bin;C:\Program Files\Git\cmd;C:\Program Files\Java\jdk1.8.0_144\bin;C:\Program Files\Docker Toolbox;C:\Program Files\Microsoft VS Code;C:\Program Files (x86)\Google\Cloud SDK\google-cloud-sdk\bin;C:\Users\exjapam\AppData\Roaming\nvm;C:\Program Files\nodejs;C:\Users\exjapam\AppData\Local\Microsoft\WindowsApps;C:\Program Files\Microsoft VS Code\bin;C:\Users\exjapam\AppData\Roaming\nvm;C:\Program Files\nodejs
10 verbose lifecycle platzi-video@1.0.0~build:dev: CWD: C:\Users\exguill\Documents\MisDesarrollos\react-curso
11 silly lifecycle platzi-video@1.0.0~build:dev: Args: [ '/d /s /c',
11 silly lifecycle   'webpack-dev-server --config ./webpack.dev.config.js' ]
12 silly lifecycle platzi-video@1.0.0~build:dev: Returned: code: 3221225786  signal: null
13 info lifecycle platzi-video@1.0.0~build:dev: Failed to exec build:dev script
14 verbose stack Error: platzi-video@1.0.0 build:dev: `webpack-dev-server --config ./webpack.dev.config.js`
14 verbose stack Exit status 3221225786
14 verbose stack     at EventEmitter.<anonymous> (C:\Users\exjapam\AppData\Roaming\nvm\v6.11.1\node_modules\npm\lib\utils\lifecycle.js:255:16)
14 verbose stack     at emitTwo (events.js:106:13)
14 verbose stack     at EventEmitter.emit (events.js:191:7)
14 verbose stack     at ChildProcess.<anonymous> (C:\Users\exjapam\AppData\Roaming\nvm\v6.11.1\node_modules\npm\lib\utils\spawn.js:40:14)
14 verbose stack     at emitTwo (events.js:106:13)
14 verbose stack     at ChildProcess.emit (events.js:191:7)
14 verbose stack     at maybeClose (internal/child_process.js:891:16)
14 verbose stack     at Process.ChildProcess._handle.onexit (internal/child_process.js:226:5)
15 verbose pkgid platzi-video@1.0.0
16 verbose cwd C:\Users\exguill\Documents\MisDesarrollos\react-curso
17 error Windows_NT 10.0.14393
18 error argv "C:\\Program Files\\nodejs\\node.exe" "C:\\Program Files\\nodejs\\node_modules\\npm\\bin\\npm-cli.js" "run" "build:dev"
19 error node v6.11.1
20 error npm  v3.10.10
21 error code ELIFECYCLE
22 error platzi-video@1.0.0 build:dev: `webpack-dev-server --config ./webpack.dev.config.js`
22 error Exit status 3221225786
23 error Failed at the platzi-video@1.0.0 build:dev script 'webpack-dev-server --config ./webpack.dev.config.js'.
23 error Make sure you have the latest version of node.js and npm installed.
23 error If you do, this is most likely a problem with the platzi-video package,
23 error not with npm itself.
23 error Tell the author that this fails on your system:
23 error     webpack-dev-server --config ./webpack.dev.config.js
23 error You can get information on how to open an issue for this project with:
23 error     npm bugs platzi-video
23 error Or if that isn't available, you can get their info via:
23 error     npm owner ls platzi-video
23 error There is likely additional logging output above.
24 verbose exit [ 1, true ]
